PLINK v1.90b7.1 64-bit (18 Oct 2023)
Options in effect:
  --a1-allele C:\Users\gerar\AppData\Local\Temp\RtmpW0cS95/mylist.txt
  --allow-extra-chr
  --allow-no-sex
  --file C:/Users/gerar/OneDrive/1_Work/4_Writing/1_Allee_effects/allee_experiments/data/gl_plink_temp
  --out C:/Users/gerar/OneDrive/1_Work/4_Writing/1_Allee_effects/allee_experiments/data/acro_vcf
  --recode vcf

Hostname: ACER5
Working directory: C:\Users\gerar\OneDrive\1_Work\4_Writing\1_Allee_effects\allee_experiments
Start time: Wed Dec 20 08:52:01 2023

Random number seed: 1703026321
16163 MB RAM detected; reserving 8081 MB for main workspace.
Scanning .ped file... done.
Performing single-pass .bed write (1996 variants, 45 people).
--file:
C:/Users/gerar/OneDrive/1_Work/4_Writing/1_Allee_effects/allee_experiments/data/acro_vcf-temporary.bed
+
C:/Users/gerar/OneDrive/1_Work/4_Writing/1_Allee_effects/allee_experiments/data/acro_vcf-temporary.bim
+
C:/Users/gerar/OneDrive/1_Work/4_Writing/1_Allee_effects/allee_experiments/data/acro_vcf-temporary.fam
written.
1996 variants loaded from .bim file.
45 people (0 males, 0 females, 45 ambiguous) loaded from .fam.
Ambiguous sex IDs written to
C:/Users/gerar/OneDrive/1_Work/4_Writing/1_Allee_effects/allee_experiments/data/acro_vcf.nosex
.
Using 1 thread (no multithreaded calculations invoked).
Before main variant filters, 45 founders and 0 nonfounders present.
Calculating allele frequencies... done.
Total genotyping rate is 0.436595.
--a1-allele: 1996 assignments made.
1996 variants and 45 people pass filters and QC.
Note: No phenotypes present.
--recode vcf to
C:/Users/gerar/OneDrive/1_Work/4_Writing/1_Allee_effects/allee_experiments/data/acro_vcf.vcf
... done.

End time: Wed Dec 20 08:52:01 2023
